<?xml version="1.0" encoding="UTF-8"?>
<!-- Generated by org.testng.reporters.JUnitXMLReporter -->
<testsuite ignored="1" hostname="LTIN498945" failures="1" tests="3" name="CaseOne" time="0.077" errors="0" timestamp="2026-04-30T15:23:13 IST">
  <testcase classname="TestNG.Case_1" name="day1" time="0.011"/>
  <testcase classname="TestNG.Case_2" name="Day3" time="0.002"/>
  <testcase classname="TestNG.Case_2" name="Day4" time="0.007">
    <failure type="java.lang.AssertionError" message="expected [true] but found [false]">
      <![CDATA[java.lang.AssertionError: expected [true] but found [false]
at TestNG.Case_2.Day4(Case_2.java:15)
at java.base/java.util.ArrayList.forEach(ArrayList.java:1596)
... Removed 29 stack frames]]>
    </failure>
  </testcase> <!-- Day4 -->
  <testcase classname="TestNG.Case_1" name="day2" time="0.0">
    <ignored/>
  </testcase> <!-- day2 -->
</testsuite> <!-- CaseOne -->
