<?xml version="1.0" encoding="UTF-8"?>
<testng-results ignored="0" total="1" passed="1" failed="0" skipped="0">
  <reporter-output>
  </reporter-output>
  <suite started-at="2026-05-19T18:57:03 IST" name="Default suite" finished-at="2026-05-19T18:57:18 IST" duration-ms="15019">
    <groups>
    </groups>
    <test started-at="2026-05-19T18:57:03 IST" name="Default test" finished-at="2026-05-19T18:57:18 IST" duration-ms="15019">
      <class name="Reporting.ExtentReport.ExtentReportDemo">
        <test-method is-config="true" signature="extentReport()[pri:0, instance:Reporting.ExtentReport.ExtentReportDemo@3754a4bf]" started-at="2026-05-19T18:57:03 IST" name="extentReport" finished-at="2026-05-19T18:57:03 IST" duration-ms="240" status="PASS">
          <reporter-output>
          </reporter-output>
        </test-method> <!-- extentReport -->
        <test-method signature="initializeBrowser()[pri:0, instance:Reporting.ExtentReport.ExtentReportDemo@3754a4bf]" started-at="2026-05-19T18:57:03 IST" name="initializeBrowser" finished-at="2026-05-19T18:57:18 IST" duration-ms="14726" status="PASS">
          <reporter-output>
          </reporter-output>
        </test-method> <!-- initializeBrowser -->
      </class> <!-- Reporting.ExtentReport.ExtentReportDemo -->
    </test> <!-- Default test -->
  </suite> <!-- Default suite -->
</testng-results>
