<?xml version="1.0" encoding="UTF-8"?>
<!-- Generated by org.testng.reporters.JUnitReportReporter -->
<testsuite hostname="LTIN498945" failures="0" tests="3" name="Patterns.HeadingText" time="0.003" errors="0" timestamp="2026-05-21T12:27:01 IST" skipped="0">
  <testcase classname="Patterns.HeadingText" name="functionality" time="0.001"/>
  <testcase classname="Patterns.HeadingText" name="design" time="0.002"/>
  <testcase classname="Patterns.HeadingText" name="mobile" time="0.000"/>
</testsuite> <!-- Patterns.HeadingText -->
