<?xml version="1.0" encoding="UTF-8"?>
<!-- Generated by org.testng.reporters.JUnitReportReporter -->
<testsuite hostname="LTIN498945" failures="0" tests="3" name="Actions.Buttons" time="0.007" errors="0" timestamp="2026-05-07T12:35:52 IST" skipped="0">
  <testcase classname="Actions.Buttons" name="mobile" time="0.002"/>
  <testcase classname="Actions.Buttons" name="design" time="0.003"/>
  <testcase classname="Actions.Buttons" name="functionality" time="0.002"/>
</testsuite> <!-- Actions.Buttons -->
