<?xml version="1.0" encoding="UTF-8"?>
<!-- Generated by org.testng.reporters.JUnitReportReporter -->
<testsuite hostname="LTIN498945" failures="0" tests="3" name="Forms.Checkbox" time="0.005" errors="0" timestamp="2026-05-07T12:35:52 IST" skipped="0">
  <testcase classname="Forms.Checkbox" name="functionality" time="0.001"/>
  <testcase classname="Forms.Checkbox" name="design" time="0.003"/>
  <testcase classname="Forms.Checkbox" name="mobile" time="0.001"/>
</testsuite> <!-- Forms.Checkbox -->
