<?xml version="1.0" encoding="UTF-8"?>
<!-- Generated by org.testng.reporters.JUnitReportReporter -->
<testsuite hostname="LTIN498945" failures="0" tests="3" name="Forms.Dropdown" time="0.002" errors="0" timestamp="2026-05-07T12:35:52 IST" skipped="0">
  <testcase classname="Forms.Dropdown" name="design" time="0.001"/>
  <testcase classname="Forms.Dropdown" name="mobile" time="0.001"/>
  <testcase classname="Forms.Dropdown" name="functionality" time="0.000"/>
</testsuite> <!-- Forms.Dropdown -->
