<?xml version="1.0" encoding="UTF-8"?>
<!-- Generated by org.testng.reporters.JUnitXMLReporter -->
<testsuite ignored="4" hostname="LTIN498945" failures="0" tests="2" name="Actions" time="0.01" errors="0" timestamp="2026-05-21T12:27:01 IST">
  <testcase classname="Components.Buttons" name="functionality" time="0.004"/>
  <testcase classname="Components.FAB" name="functionality" time="0.002"/>
  <testcase classname="Components.FAB" name="mobile" time="0.0">
    <ignored/>
  </testcase> <!-- mobile -->
  <testcase classname="Components.FAB" name="design" time="0.0">
    <ignored/>
  </testcase> <!-- design -->
  <testcase classname="Components.Buttons" name="mobile" time="0.0">
    <ignored/>
  </testcase> <!-- mobile -->
  <testcase classname="Components.Buttons" name="design" time="0.0">
    <ignored/>
  </testcase> <!-- design -->
</testsuite> <!-- Actions -->
