<?xml version="1.0" encoding="UTF-8"?>
<!-- Generated by org.testng.reporters.JUnitXMLReporter -->
<testsuite ignored="0" hostname="LTIN498945" failures="0" tests="5" name="Demo" time="0.087" errors="0" timestamp="2026-05-13T11:42:26 IST">
  <testcase classname="TestNG.Demo" name="print" time="0.007"/>
  <testcase classname="TestNG.Demo" name="print" time="0.002"/>
  <testcase classname="TestNG.Demo" name="print" time="0.002"/>
  <testcase classname="TestNG.Demo" name="print" time="0.002"/>
  <testcase classname="TestNG.Demo" name="Test1" time="0.003"/>
</testsuite> <!-- Demo -->
