<?xml version="1.0" encoding="UTF-8"?>
<!-- Generated by org.testng.reporters.JUnitXMLReporter -->
<testsuite ignored="5" hostname="LTIN498945" failures="0" tests="2" name="Forms" time="0.064" errors="0" timestamp="2026-05-21T12:27:01 IST">
  <testcase classname="Components.Checkbox" name="functionality" time="0.009"/>
  <testcase classname="Components.Dropdown" name="functionality" time="0.002"/>
  <testcase classname="Components.Checkbox" name="design" time="0.0">
    <ignored/>
  </testcase> <!-- design -->
  <testcase classname="Components.Checkbox" name="mobile" time="0.0">
    <ignored/>
  </testcase> <!-- mobile -->
  <testcase classname="Components.Dropdown" name="design" time="0.0">
    <ignored/>
  </testcase> <!-- design -->
  <testcase classname="Components.Dropdown" name="mobileIOS" time="0.0">
    <ignored/>
  </testcase> <!-- mobileIOS -->
  <testcase classname="Components.Dropdown" name="mobileAndroid" time="0.0">
    <ignored/>
  </testcase> <!-- mobileAndroid -->
</testsuite> <!-- Forms -->
