<?xml version="1.0" encoding="UTF-8"?>
<!-- Generated by org.testng.reporters.JUnitXMLReporter -->
<testsuite ignored="0" hostname="LTIN498945" failures="0" tests="6" name="Patterns" time="0.022" errors="0" timestamp="2026-05-21T12:27:01 IST">
  <testcase classname="Patterns.Dashboard" name="design" time="0.003"/>
  <testcase classname="Patterns.Dashboard" name="functionality" time="0.002"/>
  <testcase classname="Patterns.Dashboard" name="mobile" time="0.0"/>
  <testcase classname="Patterns.HeadingText" name="design" time="0.002"/>
  <testcase classname="Patterns.HeadingText" name="functionality" time="0.001"/>
  <testcase classname="Patterns.HeadingText" name="mobile" time="0.0"/>
</testsuite> <!-- Patterns -->
