<?xml version="1.0" encoding="UTF-8"?>
<testng-results ignored="0" total="2" passed="2" failed="0" skipped="0">
  <reporter-output>
  </reporter-output>
  <suite started-at="2026-05-06T15:36:25 IST" name="Default suite" finished-at="2026-05-06T15:36:25 IST" duration-ms="54">
    <groups>
    </groups>
    <test started-at="2026-05-06T15:36:25 IST" name="Default test" finished-at="2026-05-06T15:36:25 IST" duration-ms="54">
      <class name="TestNG.Case_1">
        <test-method signature="day1()[pri:0, instance:TestNG.Case_1@7cc0cdad]" started-at="2026-05-06T15:36:25 IST" name="day1" finished-at="2026-05-06T15:36:25 IST" duration-ms="8" status="PASS">
          <reporter-output>
          </reporter-output>
        </test-method> <!-- day1 -->
        <test-method signature="day2()[pri:0, instance:TestNG.Case_1@7cc0cdad]" started-at="2026-05-06T15:36:25 IST" name="day2" finished-at="2026-05-06T15:36:25 IST" duration-ms="1" status="PASS">
          <reporter-output>
          </reporter-output>
        </test-method> <!-- day2 -->
      </class> <!-- TestNG.Case_1 -->
    </test> <!-- Default test -->
  </suite> <!-- Default suite -->
</testng-results>
