<?xml version="1.0" encoding="UTF-8"?>
<!-- Generated by org.testng.reporters.JUnitXMLReporter -->
<testsuite ignored="0" hostname="LTIN498945" failures="0" tests="4" name="Default test" time="49.993" errors="0" timestamp="2026-05-18T20:10:13 IST">
  <testcase classname="e2eshopping.tests.e2eCartItemsDataProvider" name="submitOrder" time="4.774"/>
  <testcase classname="e2eshopping.tests.e2eCartItemsDataProvider" name="submitOrder" time="4.481"/>
  <testcase classname="e2eshopping.tests.e2eCartItemsDataProvider" name="orderValidation" time="1.16"/>
  <testcase classname="e2eshopping.tests.e2eCartItemsDataProvider" name="orderValidation" time="1.24"/>
</testsuite> <!-- Default test -->
