<?xml version="1.0" encoding="UTF-8"?>
<!-- Generated by org.testng.reporters.JUnitXMLReporter -->
<testsuite ignored="1" hostname="LTIN498945" failures="0" tests="2" name="Data Provider" time="24.359" errors="0" timestamp="2026-05-18T20:11:49 IST">
  <testcase classname="e2eshopping.tests.e2eCartItemsDataProvider" name="submitOrder" time="4.895"/>
  <testcase classname="e2eshopping.tests.e2eCartItemsDataProvider" name="submitOrder" time="4.796"/>
  <testcase classname="e2eshopping.tests.e2eCartItemsDataProvider" name="orderValidation" time="0.0">
    <ignored/>
  </testcase> <!-- orderValidation -->
</testsuite> <!-- Data Provider -->
