<?xml version="1.0" encoding="UTF-8"?>
<!-- Generated by org.testng.reporters.JUnitXMLReporter -->
<testsuite ignored="2" hostname="LTIN498945" failures="0" tests="0" time="0.011" errors="0" timestamp="2026-05-21T14:59:16 IST">
  <testcase classname="e2eshopping.tests.e2eCartItemsPOMTest" name="orderValidation" time="0.0">
    <ignored/>
  </testcase> <!-- orderValidation -->
  <testcase classname="e2eshopping.tests.e2eCartItemsPOMTest" name="submitOrder" time="0.0">
    <ignored/>
  </testcase> <!-- submitOrder -->
</testsuite>
