<?xml version="1.0" encoding="UTF-8"?>
<!-- Generated by org.testng.reporters.JUnitXMLReporter -->
<testsuite ignored="2" hostname="LTIN498945" failures="1" tests="1" name="Test" time="16.066" errors="0" timestamp="2026-05-15T19:39:53 IST">
  <testcase classname="e2eshopping.tests.e2eCartItemsPOM" name="submitOrder" time="0.015">
    <failure type="java.lang.NullPointerException" message="Cannot invoke &amp;quot;e2eshopping.pageObject.LandingPage.loginApp(String, String)&amp;quot; because &amp;quot;this.landingPage&amp;quot; is null">
      <![CDATA[java.lang.NullPointerException: Cannot invoke "e2eshopping.pageObject.LandingPage.loginApp(String, String)" because "this.landingPage" is null
at e2eshopping.tests.e2eCartItemsPOM.submitOrder(e2eCartItemsPOM.java:20)
at java.base/java.util.ArrayList.forEach(ArrayList.java:1596)
... Removed 25 stack frames]]>
    </failure>
  </testcase> <!-- submitOrder -->
  <testcase classname="e2eshopping.testComponents.BaseTest" name="@BeforeTest launchApp" time="0.0">
    <ignored/>
  </testcase> <!-- @BeforeTest launchApp -->
  <testcase classname="e2eshopping.testComponents.BaseTest" name="@AfterTest tearDown" time="0.0">
    <ignored/>
  </testcase> <!-- @AfterTest tearDown -->
</testsuite> <!-- Test -->
