<?xml version="1.0" encoding="UTF-8"?>
<!-- Generated by org.testng.reporters.JUnitReportReporter -->
<testsuite hostname="LTIN498945" failures="0" tests="2" name="e2eshopping.tests.e2eCartItemsPOMTest" time="56.663" errors="0" timestamp="2026-05-20T21:56:30 IST" skipped="0">
  <testcase classname="e2eshopping.tests.e2eCartItemsPOMTest" name="orderValidation" time="8.113"/>
  <testcase classname="e2eshopping.tests.e2eCartItemsPOMTest" name="submitOrder" time="48.550"/>
</testsuite> <!-- e2eshopping.tests.e2eCartItemsPOMTest -->
