<?xml version="1.0" encoding="UTF-8"?>
<!-- Generated by org.testng.reporters.JUnitReportReporter -->
<testsuite hostname="LTIN498945" failures="0" tests="2" name="e2eshopping.tests.e2eCartItemsDataProvider" time="24.053" errors="0" timestamp="2026-05-18T20:11:49 IST" skipped="0">
  <testcase classname="e2eshopping.tests.e2eCartItemsDataProvider" name="submitOrder" time="12.951"/>
  <testcase classname="e2eshopping.tests.e2eCartItemsDataProvider" name="submitOrder" time="11.102"/>
</testsuite> <!-- e2eshopping.tests.e2eCartItemsDataProvider -->
